2019-10-06 13:10:10 [EROR] [HuanKeServer/src/main/huanke_server.go:15] init server error!
2019-10-06 13:10:53 [DEBG] [HuanKeServer/src/main/huanke_server.go:18] huanke server run start
2019-10-06 19:46:10 [DEBG] [HuanKeServer/src/main/huanke_server.go:19] huanke server run start
2019-10-06 19:49:32 [DEBG] [HuanKeServer/src/main/huanke_server.go:19] huanke server run start
2019-10-06 23:23:04 [DEBG] [HuanKeServer/src/main/huanke_server.go:19] huanke server run start
2019-10-06 23:23:35 [EROR] [HuanKeServer/src/controller/controller_register.go:30] unexpected end of JSON input
2019-10-06 23:25:35 [EROR] [HuanKeServer/src/controller/controller_register.go:44] Error 1054: Unknown column 'test' in 'where clause'
2019-10-06 23:26:23 [DEBG] [HuanKeServer/src/main/huanke_server.go:19] huanke server run start
2019-10-06 23:26:26 [EROR] [HuanKeServer/src/controller/controller_register.go:44] Error 1054: Unknown column 'test' in 'where clause'
2019-10-06 23:27:43 [DEBG] [HuanKeServer/src/main/huanke_server.go:19] huanke server run start
2019-10-06 23:27:47 [EROR] [HuanKeServer/src/controller/controller_register.go:44] Error 1054: Unknown column 'test' in 'where clause'
2019-10-06 23:29:01 [DEBG] [HuanKeServer/src/main/huanke_server.go:19] huanke server run start
2019-10-06 23:29:04 [EROR] [HuanKeServer/src/controller/controller_register.go:44] <QuerySeter> no row found
2019-10-06 23:32:05 [DEBG] [HuanKeServer/src/main/huanke_server.go:19] huanke server run start
2019-10-06 23:36:18 [DEBG] [HuanKeServer/src/main/huanke_server.go:20] huanke server run start
2019-10-06 23:39:30 [DEBG] [HuanKeServer/src/main/huanke_server.go:20] huanke server run start
2019-10-06 23:39:38 [EROR] [HuanKeServer/src/controller/controller_register.go:44] Error 1146: Table 'huanke.user' doesn't exist
2019-10-06 23:40:43 [DEBG] [HuanKeServer/src/main/huanke_server.go:20] huanke server run start
2019-10-06 23:40:47 [DEBG] [HuanKeServer/src/controller/controller_register.go:53] register email:test exist!
2019-10-06 23:42:32 [DEBG] [HuanKeServer/src/main/huanke_server.go:20] huanke server run start
2019-10-07 11:17:57 [DEBG] [HuanKeServer/src/main/huanke_server.go:20] huanke server run start
2019-10-07 11:18:23 [DEBG] [HuanKeServer/src/controller/controller_register.go:37] register param :  &[123 10 32 32 32 32 34 117 115 101 114 110 97 109 101 34 58 32 34 116 101 115 116 64 49 54 51 46 99 111 109 34 44 10 9 34 112 97 115 115 119 111 114 100 34 58 32 34 116 101 115 116 34 44 10 9 34 115 97 108 116 34 58 32 34 49 50 51 52 53 54 34 44 10 9 34 99 111 100 101 34 58 32 34 54 53 52 51 50 49 34 10 125]
2019-10-07 11:18:23 [DEBG] [HuanKeServer/src/controller/controller_register.go:54] register email:test@163.com exist!
2019-10-07 11:19:05 [DEBG] [HuanKeServer/src/main/huanke_server.go:20] huanke server run start
2019-10-07 11:19:10 [DEBG] [HuanKeServer/src/controller/controller_register.go:37] register param :  &{testlqw@163.com test 123456 654321}
